<?xml version="1.0" encoding="UTF-8"?>
<!-- Generated by org.testng.reporters.JUnitXMLReporter -->
<testsuite hostname="Sonu-PC" ignored="0" name="Test" tests="3" failures="0" timestamp="09 Jan 2020 20:44:10 GMT" time="29.39" errors="0">
  <testcase name="@AfterMethod teardown" time="0.612" classname="freamework.Framework1">
    <failure type="java.io.IOException" message="The filename, directory name, or volume label syntax is incorrect">
      <![CDATA[java.io.IOException: The filename, directory name, or volume label syntax is incorrect
	at java.io.WinNTFileSystem.canonicalize0(Native Method)
	at java.io.WinNTFileSystem.canonicalize(Unknown Source)
	at java.io.File.getCanonicalPath(Unknown Source)
	at org.codehaus.plexus.util.FileUtils.copyFile(FileUtils.java:1007)
	at utils.Helper.getScreenshot(Helper.java:31)
	at freamework.Framework1.teardown(Framework1.java:83)
... Removed 27 stack frames]]>
    </failure>
  </testcase> <!-- @AfterMethod teardown -->
  <testcase name="tc1" time="13.778" classname="freamework.Framework1"/>
  <testcase name="tc2" time="0.0" classname="freamework.Framework1">
    <skipped/>
  </testcase> <!-- tc2 -->
  <testcase name="tc3" time="0.0" classname="freamework.Framework1">
    <skipped/>
  </testcase> <!-- tc3 -->
</testsuite> <!-- Test -->
