<?xml version="1.0" encoding="UTF-8"?>
<testng-results skipped="0" failed="0" ignored="0" total="1" passed="1">
  <reporter-output>
  </reporter-output>
  <suite name="Default suite" duration-ms="25362" started-at="2020-01-11T07:02:47Z" finished-at="2020-01-11T07:03:12Z">
    <groups>
    </groups>
    <test name="Default test" duration-ms="25362" started-at="2020-01-11T07:02:47Z" finished-at="2020-01-11T07:03:12Z">
      <class name="demo.Demo_C">
        <test-method status="PASS" signature="testcase()[pri:0, instance:demo.Demo_C@f6c48ac]" name="testcase" duration-ms="25333" started-at="2020-01-11T12:32:47Z" finished-at="2020-01-11T12:33:12Z">
          <reporter-output>
          </reporter-output>
        </test-method> <!-- testcase -->
      </class> <!-- demo.Demo_C -->
    </test> <!-- Default test -->
  </suite> <!-- Default suite -->
</testng-results>
