<?xml version="1.0" encoding="UTF-8"?>
<!-- Generated by org.testng.reporters.JUnitXMLReporter -->
<testsuite hostname="Sonu-PC" ignored="0" name="Default test" tests="3" failures="0" timestamp="07 Jan 2020 21:11:58 GMT" time="58.589" errors="0">
  <testcase name="tc1" time="11.048" classname="freamework.Framework1"/>
  <testcase name="tc2" time="0.187" classname="freamework.Framework1"/>
  <testcase name="tc3" time="31.47" classname="freamework.Framework1"/>
</testsuite> <!-- Default test -->
